<?xml version="1.0" encoding="UTF-8"?>
<!-- Generated by org.testng.reporters.JUnitReportReporter -->
<testsuite skipped="0" hostname="M752863-W10" name="RestPackage.RestClass" tests="3" failures="0" timestamp="24 Jun 2018 09:30:43 GMT" time="6.502" errors="0">
  <testcase name="verifyPostId40Count" time="2.086" classname="RestPackage.RestClass"/>
  <testcase name="verifyGetURI" time="2.204" classname="RestPackage.RestClass"/>
  <testcase name="verifyPostId40Data" time="2.212" classname="RestPackage.RestClass"/>
</testsuite> <!-- RestPackage.RestClass -->
