<?xml version="1.0" encoding="UTF-8"?>
<!-- Generated by org.testng.reporters.JUnitReportReporter -->
<testsuite skipped="0" hostname="MacBook-Pro-de-Maria.local" name="br.com.automation.APIRest.TestAPI" tests="2" failures="0" timestamp="29 jun 2018 02:03:20 GMT" time="4.652" errors="0">
  <testcase name="testPostContainsAComment" time="1.614" classname="br.com.automation.APIRest.TestAPI"/>
  <testcase name="testCommentsListSizePost" time="3.038" classname="br.com.automation.APIRest.TestAPI"/>
</testsuite> <!-- br.com.automation.APIRest.TestAPI -->
